[36m--[0m The C compiler identification is GNU 4.8.4
[36m--[0m The CXX compiler identification is GNU 4.8.4
[36m--[0m Check for working C compiler: /usr/bin/cc
[36m--[0m Check for working C compiler: /usr/bin/cc -- works
[36m--[0m Detecting C compiler ABI info
[36m--[0m Detecting C compiler ABI info - done
[36m--[0m Detecting C compile features
[36m--[0m Detecting C compile features - done
[36m--[0m Check for working CXX compiler: /usr/bin/c++
[36m--[0m Check for working CXX compiler: /usr/bin/c++ -- works
[36m--[0m Detecting CXX compiler ABI info
[36m--[0m Detecting CXX compiler ABI info - done
[36m--[0m Detecting CXX compile features
[36m--[0m Detecting CXX compile features - done
[36m--[0m Using CATKIN_DEVEL_PREFIX: /home/bjork/BurritoSwarm/flight_code/ROS/devel/.private/mavros_extras
[36m--[0m Using CMAKE_PREFIX_PATH: /home/bjork/BurritoSwarm/flight_code/ROS/devel;/opt/ros/jade
[36m--[0m This workspace overlays: /home/bjork/BurritoSwarm/flight_code/ROS/devel;/opt/ros/jade
[36m--[0m Using PYTHON_EXECUTABLE: /usr/bin/python
[36m--[0m Using Debian Python package layout
[36m--[0m Using empy: /usr/bin/empy
[36m--[0m Using CATKIN_ENABLE_TESTING: ON
[36m--[0m Call enable_testing()
[36m--[0m Using CATKIN_TEST_RESULTS_DIR: /home/bjork/BurritoSwarm/flight_code/ROS/build/mavros_extras/test_results
[36m--[0m Found gtest sources under '/usr/src/gtest': gtests will be built
[36m--[0m Using Python nosetests: /usr/bin/nosetests-2.7
[36m--[0m catkin 0.6.16
[36m--[0m Using these message generators: gencpp;geneus;genlisp;genpy
[36m--[0m Boost version: 1.54.0
[36m--[0m Found the following Boost libraries:
[36m--[0m   system
[33m[1mCMake Warning[0m at /home/bjork/BurritoSwarm/flight_code/ROS/src/mavros/mavros_extras/CMakeLists.txt:24 (find_package):
  By not providing "FindEigen3.cmake" in CMAKE_MODULE_PATH this project has
  asked CMake to find a package configuration file provided by "Eigen3", but
  CMake did not find one.

  Could not find a package configuration file provided by "Eigen3" with any
  of the following names:

    Eigen3Config.cmake
    eigen3-config.cmake

  Add the installation prefix of "Eigen3" to CMAKE_PREFIX_PATH or set
  "Eigen3_DIR" to a directory containing one of the above files.  If "Eigen3"
  provides a separate development package or SDK, be sure it has been
  installed.


[36m--[0m Found PkgConfig: /usr/bin/pkg-config (found version "0.26")
[36m--[0m checking for module 'eigen3'
[36m--[0m   found eigen3, version 3.2.0
[33m[1mCMake Warning[0m at /opt/ros/jade/share/cmake_modules/cmake/Modules/FindEigen.cmake:62 (message):
  The FindEigen.cmake Module in the cmake_modules package is deprecated.

  Please use the FindEigen3.cmake Module provided with Eigen.  Change
  instances of find_package(Eigen) to find_package(Eigen3).  Check the
  FindEigen3.cmake Module for the resulting CMake variable names.

[36mCall Stack (most recent call first):[0m
  CMakeLists.txt:28 (find_package)


[36m--[0m Found Eigen: /usr/include/eigen3
[36m--[0m Eigen found (include: /usr/include/eigen3)
[36m--[0m Selected MAVLink dialect: ardupilotmega
[36m--[0m Configuring done
[36m--[0m Generating done
[36m--[0m Build files have been written to: /home/bjork/BurritoSwarm/flight_code/ROS/build/mavros_extras
