[  0%] [  0%] Built target std_msgs_generate_messages_py
Built target geometry_msgs_generate_messages_py
[  0%] Built target _mavros_msgs_generate_messages_check_deps_FileRename
[  0%] [  0%] Built target _mavros_msgs_generate_messages_check_deps_ParamValue
Built target _mavros_msgs_generate_messages_check_deps_ParamPull
[  0%] Built target _mavros_msgs_generate_messages_check_deps_FileList
[  0%] Built target _mavros_msgs_generate_messages_check_deps_ManualControl
[  0%] Built target _mavros_msgs_generate_messages_check_deps_PositionTarget
[  0%] [  0%] Built target _mavros_msgs_generate_messages_check_deps_CommandBool
Built target _mavros_msgs_generate_messages_check_deps_FileRemove
[  0%] [  0%] Built target _mavros_msgs_generate_messages_check_deps_ParamPush
Built target _mavros_msgs_generate_messages_check_deps_FileClose
[  0%] [  0%] Built target _mavros_msgs_generate_messages_check_deps_FileChecksum
Built target _mavros_msgs_generate_messages_check_deps_OverrideRCIn
[  0%] Built target _mavros_msgs_generate_messages_check_deps_CommandCode
[  0%] [  0%] Built target _mavros_msgs_generate_messages_check_deps_OpticalFlowRad
[  0%] Built target _mavros_msgs_generate_messages_check_deps_CommandInt
Built target _mavros_msgs_generate_messages_check_deps_FileRemoveDir
[  0%] Built target _mavros_msgs_generate_messages_check_deps_StreamRate
[  0%] [  0%] Built target _mavros_msgs_generate_messages_check_deps_FileRead
Built target _mavros_msgs_generate_messages_check_deps_VFR_HUD
[  0%] Built target _mavros_msgs_generate_messages_check_deps_WaypointClear
[  0%] Built target _mavros_msgs_generate_messages_check_deps_FileOpen
[  0%] [  0%] Built target _mavros_msgs_generate_messages_check_deps_RadioStatus
[  0%] Built target _mavros_msgs_generate_messages_check_deps_FileEntry
Built target _mavros_msgs_generate_messages_check_deps_Waypoint
[  0%] Built target _mavros_msgs_generate_messages_check_deps_ParamSet
[  0%] Built target _mavros_msgs_generate_messages_check_deps_ActuatorControl
[  0%] Built target _mavros_msgs_generate_messages_check_deps_CommandTriggerControl
[  0%] Built target _mavros_msgs_generate_messages_check_deps_State
[  0%] [  0%] Built target _mavros_msgs_generate_messages_check_deps_RCOut
Built target _mavros_msgs_generate_messages_check_deps_Mavlink
[  0%] [  0%] [  0%] Built target _mavros_msgs_generate_messages_check_deps_WaypointList
Built target _mavros_msgs_generate_messages_check_deps_FileWrite
Built target _mavros_msgs_generate_messages_check_deps_CommandLong
[  0%] Built target _mavros_msgs_generate_messages_check_deps_CommandHome
[  0%] [  0%] Built target _mavros_msgs_generate_messages_check_deps_RCIn
Built target _mavros_msgs_generate_messages_check_deps_ParamGet
[  0%] [  0%] Built target _mavros_msgs_generate_messages_check_deps_FileMakeDir
Built target _mavros_msgs_generate_messages_check_deps_WaypointSetCurrent
[  0%] Built target _mavros_msgs_generate_messages_check_deps_Vibration
[  0%] Built target _mavros_msgs_generate_messages_check_deps_AttitudeTarget
[  0%] Built target _mavros_msgs_generate_messages_check_deps_FileTruncate
[  0%] Built target _mavros_msgs_generate_messages_check_deps_GlobalPositionTarget
[  0%] [  0%] Built target _mavros_msgs_generate_messages_check_deps_CamIMUStamp
Built target _mavros_msgs_generate_messages_check_deps_HomePosition
[  0%] Built target _mavros_msgs_generate_messages_check_deps_WaypointPush
[  0%] [  0%] Built target _mavros_msgs_generate_messages_check_deps_CommandTOL
Built target _mavros_msgs_generate_messages_check_deps_BatteryStatus
[  0%] Built target _mavros_msgs_generate_messages_check_deps_ExtendedState
[  0%] [  0%] [  0%] Built target _mavros_msgs_generate_messages_check_deps_Altitude
Built target _mavros_msgs_generate_messages_check_deps_SetMode
Built target std_msgs_generate_messages_cpp
[  0%] [  0%] Built target geometry_msgs_generate_messages_eus
Built target geometry_msgs_generate_messages_cpp
[  0%] Built target _mavros_msgs_generate_messages_check_deps_WaypointPull
[  0%] [  0%] Built target std_msgs_generate_messages_eus
Built target std_msgs_generate_messages_lisp
[  0%] Built target geometry_msgs_generate_messages_lisp
[ 26%] [ 76%] [ 76%] Built target mavros_msgs_generate_messages_cpp
Built target mavros_msgs_generate_messages_eus
Built target mavros_msgs_generate_messages_py
[100%] Built target mavros_msgs_generate_messages_lisp
[100%] Built target mavros_msgs_generate_messages
