[35m[1mScanning dependencies of target ardupilotmega.xml-v1.0
[35m[1mScanning dependencies of target ardupilotmega.xml-v2.0
[35m[1mScanning dependencies of target ASLUAV.xml-v2.0
[35m[1mScanning dependencies of target autoquad.xml-v2.0
[0m[0m[0m[35m[1mScanning dependencies of target common.xml-v1.0
[0m[0m[35m[1mScanning dependencies of target ASLUAV.xml-v1.0
[35m[1mScanning dependencies of target autoquad.xml-v1.0
[0m[0m[  4%] Built target ardupilotmega.xml-v1.0
[  9%] [ 18%] [ 18%] Built target ASLUAV.xml-v2.0
Built target autoquad.xml-v2.0
[ 22%] Built target ASLUAV.xml-v1.0
[ 27%] [ 31%] Built target common.xml-v1.0
Built target ardupilotmega.xml-v2.0
[35m[1mScanning dependencies of target common.xml-v2.0
Built target autoquad.xml-v1.0
[35m[1mScanning dependencies of target matrixpilot.xml-v1.0
[35m[1mScanning dependencies of target minimal.xml-v1.0
[35m[1mScanning dependencies of target matrixpilot.xml-v2.0
[35m[1mScanning dependencies of target minimal.xml-v2.0
[0m[35m[1mScanning dependencies of target paparazzi.xml-v2.0
[0m[0m[35m[1mScanning dependencies of target paparazzi.xml-v1.0
[0m[0m[ 36%] [0m[ 40%] Built target common.xml-v2.0
Built target matrixpilot.xml-v2.0
[ 45%] [0m[ 50%] Built target minimal.xml-v1.0
[ 54%] Built target minimal.xml-v2.0
[ 59%] [ 63%] [35m[1mScanning dependencies of target python_array_test.xml-v1.0
Built target matrixpilot.xml-v1.0
[0m[35m[1mScanning dependencies of target python_array_test.xml-v2.0
Built target paparazzi.xml-v2.0
[35m[1mScanning dependencies of target slugs.xml-v1.0
Built target paparazzi.xml-v1.0
[35m[1mScanning dependencies of target slugs.xml-v2.0
[35m[1mScanning dependencies of target test.xml-v1.0
[0m[0m[0m[0m[ 68%] [35m[1mScanning dependencies of target ualberta.xml-v1.0
Built target python_array_test.xml-v1.0
[35m[1mScanning dependencies of target test.xml-v2.0
[ 72%] [0m[0mBuilt target python_array_test.xml-v2.0
[ 81%] [ 81%] [ 86%] [35m[1mScanning dependencies of target ualberta.xml-v2.0
[0m[ 90%] [ 95%] Built target test.xml-v1.0
Built target slugs.xml-v2.0
Built target ualberta.xml-v1.0
Built target slugs.xml-v1.0
Built target test.xml-v2.0
[100%] Built target ualberta.xml-v2.0
