+ [ -n  ]
+ echo_and_run cd /home/bjork/BurritoSwarm/flight_code/ROS/src/mavlink/pymavlink
+ echo + cd /home/bjork/BurritoSwarm/flight_code/ROS/src/mavlink/pymavlink
+ cd /home/bjork/BurritoSwarm/flight_code/ROS/src/mavlink/pymavlink
+ echo_and_run mkdir -p /home/bjork/BurritoSwarm/flight_code/ROS/devel/lib/python2.7/dist-packages
+ echo + mkdir -p /home/bjork/BurritoSwarm/flight_code/ROS/devel/lib/python2.7/dist-packages
+ mkdir -p /home/bjork/BurritoSwarm/flight_code/ROS/devel/lib/python2.7/dist-packages
+ echo_and_run /usr/bin/env PYTHONPATH=/home/bjork/BurritoSwarm/flight_code/ROS/devel/lib/python2.7/dist-packages:/home/bjork/BurritoSwarm/flight_code/ROS/build/mavlink/lib/python2.7/dist-packages:/home/bjork/BurritoSwarm/flight_code/ROS/devel/lib/python2.7/dist-packages:/opt/ros/jade/lib/python2.7/dist-packages /usr/bin/python2 /home/bjork/BurritoSwarm/flight_code/ROS/src/mavlink/pymavlink/setup.py build --build-base /home/bjork/BurritoSwarm/flight_code/ROS/build/mavlink/pymavlink install --install-layout=deb --prefix=/home/bjork/BurritoSwarm/flight_code/ROS/devel
+ echo + /usr/bin/env PYTHONPATH=/home/bjork/BurritoSwarm/flight_code/ROS/devel/lib/python2.7/dist-packages:/home/bjork/BurritoSwarm/flight_code/ROS/build/mavlink/lib/python2.7/dist-packages:/home/bjork/BurritoSwarm/flight_code/ROS/devel/lib/python2.7/dist-packages:/opt/ros/jade/lib/python2.7/dist-packages /usr/bin/python2 /home/bjork/BurritoSwarm/flight_code/ROS/src/mavlink/pymavlink/setup.py build --build-base /home/bjork/BurritoSwarm/flight_code/ROS/build/mavlink/pymavlink install --install-layout=deb --prefix=/home/bjork/BurritoSwarm/flight_code/ROS/devel
+ /usr/bin/env PYTHONPATH=/home/bjork/BurritoSwarm/flight_code/ROS/devel/lib/python2.7/dist-packages:/home/bjork/BurritoSwarm/flight_code/ROS/build/mavlink/lib/python2.7/dist-packages:/home/bjork/BurritoSwarm/flight_code/ROS/devel/lib/python2.7/dist-packages:/opt/ros/jade/lib/python2.7/dist-packages /usr/bin/python2 /home/bjork/BurritoSwarm/flight_code/ROS/src/mavlink/pymavlink/setup.py build --build-base /home/bjork/BurritoSwarm/flight_code/ROS/build/mavlink/pymavlink install --install-layout=deb --prefix=/home/bjork/BurritoSwarm/flight_code/ROS/devel
mavnative/mavnative.c: In function ‘py_mavlink_parse_char’:
mavnative/mavnative.c:155:5: warning: enumeration value ‘MAVLINK_PARSE_STATE_GOT_BAD_CRC1’ not handled in switch [-Wswitch]
     switch (status->parse_state)
     ^
zip_safe flag not set; analyzing archive contents...
pymavlink.generator.mavgen_c: module references __file__
pymavlink.generator.mavgen_swift: module references __file__
pymavlink.generator.mavgen_java: module references __file__
pymavlink.generator.mavgen: module references __file__
pymavlink.generator.lib.minixsv.__init__: module references __file__
pymavlink.generator.lib.genxmlif.__init__: module references __file__
