Not searching for unused variables given on the command line.
[36m--[0m Found PythonInterp: /usr/bin/python2 (found suitable version "2.7.6", minimum required is "2")
[36m--[0m Package version: 2016.5.20
[36m--[0m processing v1.0: /home/bjork/BurritoSwarm/flight_code/ROS/src/mavlink/message_definitions/v1.0/common.xml
[36m--[0m processing v1.0: /home/bjork/BurritoSwarm/flight_code/ROS/src/mavlink/message_definitions/v1.0/slugs.xml
[36m--[0m processing v1.0: /home/bjork/BurritoSwarm/flight_code/ROS/src/mavlink/message_definitions/v1.0/python_array_test.xml
[36m--[0m processing v1.0: /home/bjork/BurritoSwarm/flight_code/ROS/src/mavlink/message_definitions/v1.0/matrixpilot.xml
[36m--[0m processing v1.0: /home/bjork/BurritoSwarm/flight_code/ROS/src/mavlink/message_definitions/v1.0/minimal.xml
[36m--[0m processing v1.0: /home/bjork/BurritoSwarm/flight_code/ROS/src/mavlink/message_definitions/v1.0/ardupilotmega.xml
[36m--[0m processing v1.0: /home/bjork/BurritoSwarm/flight_code/ROS/src/mavlink/message_definitions/v1.0/paparazzi.xml
[36m--[0m processing v1.0: /home/bjork/BurritoSwarm/flight_code/ROS/src/mavlink/message_definitions/v1.0/autoquad.xml
[36m--[0m processing v1.0: /home/bjork/BurritoSwarm/flight_code/ROS/src/mavlink/message_definitions/v1.0/ASLUAV.xml
[36m--[0m processing v1.0: /home/bjork/BurritoSwarm/flight_code/ROS/src/mavlink/message_definitions/v1.0/ualberta.xml
[36m--[0m processing v1.0: /home/bjork/BurritoSwarm/flight_code/ROS/src/mavlink/message_definitions/v1.0/test.xml
[36m--[0m processing v2.0: /home/bjork/BurritoSwarm/flight_code/ROS/src/mavlink/message_definitions/v1.0/common.xml
[36m--[0m processing v2.0: /home/bjork/BurritoSwarm/flight_code/ROS/src/mavlink/message_definitions/v1.0/slugs.xml
[36m--[0m processing v2.0: /home/bjork/BurritoSwarm/flight_code/ROS/src/mavlink/message_definitions/v1.0/python_array_test.xml
[36m--[0m processing v2.0: /home/bjork/BurritoSwarm/flight_code/ROS/src/mavlink/message_definitions/v1.0/matrixpilot.xml
[36m--[0m processing v2.0: /home/bjork/BurritoSwarm/flight_code/ROS/src/mavlink/message_definitions/v1.0/minimal.xml
[36m--[0m processing v2.0: /home/bjork/BurritoSwarm/flight_code/ROS/src/mavlink/message_definitions/v1.0/ardupilotmega.xml
[36m--[0m processing v2.0: /home/bjork/BurritoSwarm/flight_code/ROS/src/mavlink/message_definitions/v1.0/paparazzi.xml
[36m--[0m processing v2.0: /home/bjork/BurritoSwarm/flight_code/ROS/src/mavlink/message_definitions/v1.0/autoquad.xml
[36m--[0m processing v2.0: /home/bjork/BurritoSwarm/flight_code/ROS/src/mavlink/message_definitions/v1.0/ASLUAV.xml
[36m--[0m processing v2.0: /home/bjork/BurritoSwarm/flight_code/ROS/src/mavlink/message_definitions/v1.0/ualberta.xml
[36m--[0m processing v2.0: /home/bjork/BurritoSwarm/flight_code/ROS/src/mavlink/message_definitions/v1.0/test.xml
[36m--[0m Using Debian Python package layout
[36m--[0m Configuring done
[36m--[0m Generating done
[36m--[0m Build files have been written to: /home/bjork/BurritoSwarm/flight_code/ROS/build/mavlink
